<?xml version="1.0" encoding="UTF-8"?>
<!-- Generated by org.testng.reporters.JUnitXMLReporter -->
<testsuite hostname="DESKTOP-PEJRVTF" name="chrometest" tests="13" failures="0" timestamp="28 Mar 2021 02:45:41 GMT" time="150.452" errors="0">
  <testcase name="createTask" time="14.456" classname="com.Actitime.testCases.TC_CreateTask_003"/>
  <testcase name="getText" time="28.883" classname="com.Actitime.testCases.TC_CreateTask_003"/>
  <testcase name="getCellData" time="12.801" classname="com.Actitime.testCases.TC_DataTest_002"/>
  <testcase name="getCellData" time="9.855" classname="com.Actitime.testCases.TC_DataTest_002"/>
  <testcase name="getCellData" time="5.993" classname="com.Actitime.testCases.TC_DataTest_002"/>
  <testcase name="getCellData" time="6.461" classname="com.Actitime.testCases.TC_DataTest_002"/>
  <testcase name="getCellData" time="6.171" classname="com.Actitime.testCases.TC_DataTest_002"/>
  <testcase name="getCellData" time="5.725" classname="com.Actitime.testCases.TC_DataTest_002"/>
  <testcase name="getText" time="3.144" classname="com.Actitime.testCases.TC_DataTest_002"/>
  <testcase name="logout" time="2.001" classname="com.Actitime.testCases.TC_DataTest_002"/>
  <testcase name="testLogin" time="8.14" classname="com.Actitime.testCases.TC_LoginTest_001"/>
  <testcase name="getText" time="8.924" classname="com.Actitime.testCases.TC_LoginTest_001"/>
  <testcase name="logout" time="3.862" classname="com.Actitime.testCases.TC_LoginTest_001"/>
</testsuite> <!-- chrometest -->
