<?xml version="1.0" encoding="UTF-8"?>
<!-- Generated by org.testng.reporters.JUnitXMLReporter -->
<testsuite hostname="DESKTOP-PEJRVTF" name="EdgeTest" tests="1" failures="0" timestamp="11 Feb 2021 02:02:13 GMT" time="0.018" errors="0">
  <testcase name="@BeforeClass openBrowser" time="0.0" classname="com.krn.Actitime.tasks.ParallelTestingTest">
    <failure type="java.lang.NullPointerException">
      <![CDATA[java.lang.NullPointerException
	at com.krn.Actitime.tasks.ParallelTestingTest.openBrowser(ParallelTestingTest.java:31)
	at java.util.concurrent.FutureTask.run(Unknown Source)
	at java.util.concurrent.ThreadPoolExecutor.runWorker(Unknown Source)
	at java.util.concurrent.ThreadPoolExecutor$Worker.run(Unknown Source)
	at java.lang.Thread.run(Unknown Source)
... Removed 16 stack frames]]>
    </failure>
  </testcase> <!-- @BeforeClass openBrowser -->
  <testcase name="@BeforeMethod Login" time="0.0" classname="com.krn.Actitime.tasks.ParallelTestingTest">
    <skipped/>
  </testcase> <!-- @BeforeMethod Login -->
  <testcase name="@AfterClass logout" time="0.0" classname="com.krn.Actitime.tasks.ParallelTestingTest">
    <skipped/>
  </testcase> <!-- @AfterClass logout -->
  <testcase name="textCheck" time="0.001" classname="com.krn.Actitime.tasks.ParallelTestingTest">
    <skipped/>
  </testcase> <!-- textCheck -->
</testsuite> <!-- EdgeTest -->
